<?xml version="1.0" encoding="UTF-8"?>
<!-- Generated by org.testng.reporters.JUnitReportReporter -->
<testsuite skipped="0" hostname="pradip-HP-EliteBook-840-G3" name="com.comicrelief.apps.donation.VerifyErrorMessageTest" tests="6" failures="0" timestamp="16 May 2018 11:50:59 GMT" time="21.771" errors="0">
  <testcase name="verifyErrorMsgDonateHomePage" time="3.463" classname="com.comicrelief.apps.donation.VerifyErrorMessageTest"/>
  <testcase name="verifyErrorMsgDonateHomePage" time="4.996" classname="com.comicrelief.apps.donation.VerifyErrorMessageTest"/>
  <testcase name="verifyErrorMsgPersonalDetailPage" time="2.654" classname="com.comicrelief.apps.donation.VerifyErrorMessageTest"/>
  <testcase name="verifyErrorMsgPersonalDetailPage" time="2.768" classname="com.comicrelief.apps.donation.VerifyErrorMessageTest"/>
  <testcase name="verifyErrorMsgDonateHomePage" time="4.411" classname="com.comicrelief.apps.donation.VerifyErrorMessageTest"/>
  <testcase name="verifyErrorMsgPersonalDetailPage" time="3.479" classname="com.comicrelief.apps.donation.VerifyErrorMessageTest"/>
</testsuite> <!-- com.comicrelief.apps.donation.VerifyErrorMessageTest -->
