<?xml version="1.0" encoding="UTF-8"?>
<!-- Generated by org.testng.reporters.JUnitReportReporter -->
<testsuite skipped="0" hostname="LT5CG4461FW5" name="com.comicrelief.apps.donation.DonateJourneyTest" tests="2" failures="0" timestamp="04 May 2018 13:53:50 GMT" time="15.759" errors="0">
  <testcase name="donateJourneyPayPal" time="4.644" classname="com.comicrelief.apps.donation.DonateJourneyTest"/>
  <testcase name="donateJourneyWorldPay" time="11.115" classname="com.comicrelief.apps.donation.DonateJourneyTest"/>
</testsuite> <!-- com.comicrelief.apps.donation.DonateJourneyTest -->
