<?xml version="1.0" encoding="UTF-8"?>
<!-- Generated by org.testng.reporters.JUnitReportReporter -->
<testsuite skipped="0" hostname="LT5CG4461FW5" name="com.comicrelief.apps.donation.VerifyErrorMessageTest" tests="2" failures="0" timestamp="04 May 2018 13:04:06 GMT" time="5.342" errors="0">
  <testcase name="verifyErrorMsgDonateHomePage" time="4.248" classname="com.comicrelief.apps.donation.VerifyErrorMessageTest"/>
  <testcase name="verifyErrorMsgPersonalDetailPage" time="1.094" classname="com.comicrelief.apps.donation.VerifyErrorMessageTest"/>
</testsuite> <!-- com.comicrelief.apps.donation.VerifyErrorMessageTest -->
