<?xml version="1.0" encoding="UTF-8"?>
<!-- Generated by org.testng.reporters.JUnitReportReporter -->
<testsuite skipped="0" hostname="pradip-HP-EliteBook-840-G3" name="com.comicrelief.apps.donation.DonateJourneyTest" tests="6" failures="0" timestamp="16 May 2018 11:59:51 GMT" time="51.576" errors="0">
  <testcase name="donateJourneyWorldPay" time="13.668" classname="com.comicrelief.apps.donation.DonateJourneyTest"/>
  <testcase name="donateJourneyPayPal" time="3.522" classname="com.comicrelief.apps.donation.DonateJourneyTest"/>
  <testcase name="donateJourneyPayPal" time="3.578" classname="com.comicrelief.apps.donation.DonateJourneyTest"/>
  <testcase name="donateJourneyWorldPay" time="13.079" classname="com.comicrelief.apps.donation.DonateJourneyTest"/>
  <testcase name="donateJourneyPayPal" time="3.463" classname="com.comicrelief.apps.donation.DonateJourneyTest"/>
  <testcase name="donateJourneyWorldPay" time="14.266" classname="com.comicrelief.apps.donation.DonateJourneyTest"/>
</testsuite> <!-- com.comicrelief.apps.donation.DonateJourneyTest -->
