<?xml version="1.0" encoding="UTF-8"?>
<!-- Generated by org.testng.reporters.JUnitReportReporter -->
<testsuite skipped="0" hostname="pradip-HP-EliteBook-840-G3" name="com.comicrelief.apps.donation.VerifyErrorMessageTest" tests="6" failures="0" timestamp="22 May 2018 08:52:17 GMT" time="21.529" errors="0">
  <testcase name="verifyErrorMsgDonateHomePage" time="4.591" classname="com.comicrelief.apps.donation.VerifyErrorMessageTest"/>
  <testcase name="verifyErrorMsgDonateHomePage" time="4.312" classname="com.comicrelief.apps.donation.VerifyErrorMessageTest"/>
  <testcase name="verifyErrorMsgPersonalDetailPage" time="3.124" classname="com.comicrelief.apps.donation.VerifyErrorMessageTest"/>
  <testcase name="verifyErrorMsgPersonalDetailPage" time="3.043" classname="com.comicrelief.apps.donation.VerifyErrorMessageTest"/>
  <testcase name="verifyErrorMsgPersonalDetailPage" time="3.013" classname="com.comicrelief.apps.donation.VerifyErrorMessageTest"/>
  <testcase name="verifyErrorMsgDonateHomePage" time="3.446" classname="com.comicrelief.apps.donation.VerifyErrorMessageTest"/>
</testsuite> <!-- com.comicrelief.apps.donation.VerifyErrorMessageTest -->
