<?xml version="1.0" encoding="UTF-8"?>
<!-- Generated by org.testng.reporters.JUnitReportReporter -->
<testsuite skipped="0" hostname="pradip-HP-EliteBook-840-G3" name="com.comicrelief.apps.donation.DonateJourneyTest" tests="6" failures="0" timestamp="22 May 2018 08:52:17 GMT" time="55.942" errors="0">
  <testcase name="donateJourneyWorldPay" time="13.563" classname="com.comicrelief.apps.donation.DonateJourneyTest"/>
  <testcase name="donateJourneyPayPal" time="3.642" classname="com.comicrelief.apps.donation.DonateJourneyTest"/>
  <testcase name="donateJourneyPayPal" time="3.760" classname="com.comicrelief.apps.donation.DonateJourneyTest"/>
  <testcase name="donateJourneyWorldPay" time="14.531" classname="com.comicrelief.apps.donation.DonateJourneyTest"/>
  <testcase name="donateJourneyPayPal" time="3.364" classname="com.comicrelief.apps.donation.DonateJourneyTest"/>
  <testcase name="donateJourneyWorldPay" time="17.082" classname="com.comicrelief.apps.donation.DonateJourneyTest"/>
</testsuite> <!-- com.comicrelief.apps.donation.DonateJourneyTest -->
